Start testing: Apr 07 22:45 AEST
----------------------------------------------------------
1/19 Testing: BuildPromptSpec.ReturnsValidSpec
1/19 Test: BuildPromptSpec.ReturnsValidSpec
Command: "/home/xertrov/src/call-coding-clis/cpp/build/tests/ccc_tests" "--gtest_filter=BuildPromptSpec.ReturnsValidSpec" "--gtest_also_run_disabled_tests"
Directory: /home/xertrov/src/call-coding-clis/cpp/build/tests
"BuildPromptSpec.ReturnsValidSpec" start time: Apr 07 22:45 AEST
Output:
----------------------------------------------------------
Running main() from /home/xertrov/src/call-coding-clis/cpp/build/_deps/googletest-src/googletest/src/gtest_main.cc
Note: Google Test filter = BuildPromptSpec.ReturnsValidSpec
[==========] Running 1 test from 1 test suite.
[----------] Global test environment set-up.
[----------] 1 test from BuildPromptSpec
[ RUN      ] BuildPromptSpec.ReturnsValidSpec
[       OK ] BuildPromptSpec.ReturnsValidSpec (0 ms)
[----------] 1 test from BuildPromptSpec (0 ms total)

[----------] Global test environment tear-down
[==========] 1 test from 1 test suite ran. (0 ms total)
[  PASSED  ] 1 test.
<end of output>
Test time =   0.00 sec
----------------------------------------------------------
Test Passed.
"BuildPromptSpec.ReturnsValidSpec" end time: Apr 07 22:45 AEST
"BuildPromptSpec.ReturnsValidSpec" time elapsed: 00:00:00
----------------------------------------------------------

2/19 Testing: BuildPromptSpec.RejectsEmpty
2/19 Test: BuildPromptSpec.RejectsEmpty
Command: "/home/xertrov/src/call-coding-clis/cpp/build/tests/ccc_tests" "--gtest_filter=BuildPromptSpec.RejectsEmpty" "--gtest_also_run_disabled_tests"
Directory: /home/xertrov/src/call-coding-clis/cpp/build/tests
"BuildPromptSpec.RejectsEmpty" start time: Apr 07 22:45 AEST
Output:
----------------------------------------------------------
Running main() from /home/xertrov/src/call-coding-clis/cpp/build/_deps/googletest-src/googletest/src/gtest_main.cc
Note: Google Test filter = BuildPromptSpec.RejectsEmpty
[==========] Running 1 test from 1 test suite.
[----------] Global test environment set-up.
[----------] 1 test from BuildPromptSpec
[ RUN      ] BuildPromptSpec.RejectsEmpty
[       OK ] BuildPromptSpec.RejectsEmpty (0 ms)
[----------] 1 test from BuildPromptSpec (0 ms total)

[----------] Global test environment tear-down
[==========] 1 test from 1 test suite ran. (0 ms total)
[  PASSED  ] 1 test.
<end of output>
Test time =   0.00 sec
----------------------------------------------------------
Test Passed.
"BuildPromptSpec.RejectsEmpty" end time: Apr 07 22:45 AEST
"BuildPromptSpec.RejectsEmpty" time elapsed: 00:00:00
----------------------------------------------------------

3/19 Testing: BuildPromptSpec.RejectsWhitespace
3/19 Test: BuildPromptSpec.RejectsWhitespace
Command: "/home/xertrov/src/call-coding-clis/cpp/build/tests/ccc_tests" "--gtest_filter=BuildPromptSpec.RejectsWhitespace" "--gtest_also_run_disabled_tests"
Directory: /home/xertrov/src/call-coding-clis/cpp/build/tests
"BuildPromptSpec.RejectsWhitespace" start time: Apr 07 22:45 AEST
Output:
----------------------------------------------------------
Running main() from /home/xertrov/src/call-coding-clis/cpp/build/_deps/googletest-src/googletest/src/gtest_main.cc
Note: Google Test filter = BuildPromptSpec.RejectsWhitespace
[==========] Running 1 test from 1 test suite.
[----------] Global test environment set-up.
[----------] 1 test from BuildPromptSpec
[ RUN      ] BuildPromptSpec.RejectsWhitespace
[       OK ] BuildPromptSpec.RejectsWhitespace (0 ms)
[----------] 1 test from BuildPromptSpec (0 ms total)

[----------] Global test environment tear-down
[==========] 1 test from 1 test suite ran. (0 ms total)
[  PASSED  ] 1 test.
<end of output>
Test time =   0.00 sec
----------------------------------------------------------
Test Passed.
"BuildPromptSpec.RejectsWhitespace" end time: Apr 07 22:45 AEST
"BuildPromptSpec.RejectsWhitespace" time elapsed: 00:00:00
----------------------------------------------------------

4/19 Testing: BuildPromptSpec.RejectsTabOnly
4/19 Test: BuildPromptSpec.RejectsTabOnly
Command: "/home/xertrov/src/call-coding-clis/cpp/build/tests/ccc_tests" "--gtest_filter=BuildPromptSpec.RejectsTabOnly" "--gtest_also_run_disabled_tests"
Directory: /home/xertrov/src/call-coding-clis/cpp/build/tests
"BuildPromptSpec.RejectsTabOnly" start time: Apr 07 22:45 AEST
Output:
----------------------------------------------------------
Running main() from /home/xertrov/src/call-coding-clis/cpp/build/_deps/googletest-src/googletest/src/gtest_main.cc
Note: Google Test filter = BuildPromptSpec.RejectsTabOnly
[==========] Running 1 test from 1 test suite.
[----------] Global test environment set-up.
[----------] 1 test from BuildPromptSpec
[ RUN      ] BuildPromptSpec.RejectsTabOnly
[       OK ] BuildPromptSpec.RejectsTabOnly (0 ms)
[----------] 1 test from BuildPromptSpec (0 ms total)

[----------] Global test environment tear-down
[==========] 1 test from 1 test suite ran. (0 ms total)
[  PASSED  ] 1 test.
<end of output>
Test time =   0.01 sec
----------------------------------------------------------
Test Passed.
"BuildPromptSpec.RejectsTabOnly" end time: Apr 07 22:45 AEST
"BuildPromptSpec.RejectsTabOnly" time elapsed: 00:00:00
----------------------------------------------------------

5/19 Testing: BuildPromptSpec.TrimsLeading
5/19 Test: BuildPromptSpec.TrimsLeading
Command: "/home/xertrov/src/call-coding-clis/cpp/build/tests/ccc_tests" "--gtest_filter=BuildPromptSpec.TrimsLeading" "--gtest_also_run_disabled_tests"
Directory: /home/xertrov/src/call-coding-clis/cpp/build/tests
"BuildPromptSpec.TrimsLeading" start time: Apr 07 22:45 AEST
Output:
----------------------------------------------------------
Running main() from /home/xertrov/src/call-coding-clis/cpp/build/_deps/googletest-src/googletest/src/gtest_main.cc
Note: Google Test filter = BuildPromptSpec.TrimsLeading
[==========] Running 1 test from 1 test suite.
[----------] Global test environment set-up.
[----------] 1 test from BuildPromptSpec
[ RUN      ] BuildPromptSpec.TrimsLeading
[       OK ] BuildPromptSpec.TrimsLeading (0 ms)
[----------] 1 test from BuildPromptSpec (0 ms total)

[----------] Global test environment tear-down
[==========] 1 test from 1 test suite ran. (0 ms total)
[  PASSED  ] 1 test.
<end of output>
Test time =   0.01 sec
----------------------------------------------------------
Test Passed.
"BuildPromptSpec.TrimsLeading" end time: Apr 07 22:45 AEST
"BuildPromptSpec.TrimsLeading" time elapsed: 00:00:00
----------------------------------------------------------

6/19 Testing: BuildPromptSpec.TrimsTrailing
6/19 Test: BuildPromptSpec.TrimsTrailing
Command: "/home/xertrov/src/call-coding-clis/cpp/build/tests/ccc_tests" "--gtest_filter=BuildPromptSpec.TrimsTrailing" "--gtest_also_run_disabled_tests"
Directory: /home/xertrov/src/call-coding-clis/cpp/build/tests
"BuildPromptSpec.TrimsTrailing" start time: Apr 07 22:45 AEST
Output:
----------------------------------------------------------
Running main() from /home/xertrov/src/call-coding-clis/cpp/build/_deps/googletest-src/googletest/src/gtest_main.cc
Note: Google Test filter = BuildPromptSpec.TrimsTrailing
[==========] Running 1 test from 1 test suite.
[----------] Global test environment set-up.
[----------] 1 test from BuildPromptSpec
[ RUN      ] BuildPromptSpec.TrimsTrailing
[       OK ] BuildPromptSpec.TrimsTrailing (0 ms)
[----------] 1 test from BuildPromptSpec (0 ms total)

[----------] Global test environment tear-down
[==========] 1 test from 1 test suite ran. (0 ms total)
[  PASSED  ] 1 test.
<end of output>
Test time =   0.00 sec
----------------------------------------------------------
Test Passed.
"BuildPromptSpec.TrimsTrailing" end time: Apr 07 22:45 AEST
"BuildPromptSpec.TrimsTrailing" time elapsed: 00:00:00
----------------------------------------------------------

7/19 Testing: BuildPromptSpec.TrimsMixedWhitespace
7/19 Test: BuildPromptSpec.TrimsMixedWhitespace
Command: "/home/xertrov/src/call-coding-clis/cpp/build/tests/ccc_tests" "--gtest_filter=BuildPromptSpec.TrimsMixedWhitespace" "--gtest_also_run_disabled_tests"
Directory: /home/xertrov/src/call-coding-clis/cpp/build/tests
"BuildPromptSpec.TrimsMixedWhitespace" start time: Apr 07 22:45 AEST
Output:
----------------------------------------------------------
Running main() from /home/xertrov/src/call-coding-clis/cpp/build/_deps/googletest-src/googletest/src/gtest_main.cc
Note: Google Test filter = BuildPromptSpec.TrimsMixedWhitespace
[==========] Running 1 test from 1 test suite.
[----------] Global test environment set-up.
[----------] 1 test from BuildPromptSpec
[ RUN      ] BuildPromptSpec.TrimsMixedWhitespace
[       OK ] BuildPromptSpec.TrimsMixedWhitespace (0 ms)
[----------] 1 test from BuildPromptSpec (0 ms total)

[----------] Global test environment tear-down
[==========] 1 test from 1 test suite ran. (0 ms total)
[  PASSED  ] 1 test.
<end of output>
Test time =   0.00 sec
----------------------------------------------------------
Test Passed.
"BuildPromptSpec.TrimsMixedWhitespace" end time: Apr 07 22:45 AEST
"BuildPromptSpec.TrimsMixedWhitespace" time elapsed: 00:00:00
----------------------------------------------------------

8/19 Testing: BuildPromptSpec.ValidPrompt
8/19 Test: BuildPromptSpec.ValidPrompt
Command: "/home/xertrov/src/call-coding-clis/cpp/build/tests/ccc_tests" "--gtest_filter=BuildPromptSpec.ValidPrompt" "--gtest_also_run_disabled_tests"
Directory: /home/xertrov/src/call-coding-clis/cpp/build/tests
"BuildPromptSpec.ValidPrompt" start time: Apr 07 22:45 AEST
Output:
----------------------------------------------------------
Running main() from /home/xertrov/src/call-coding-clis/cpp/build/_deps/googletest-src/googletest/src/gtest_main.cc
Note: Google Test filter = BuildPromptSpec.ValidPrompt
[==========] Running 1 test from 1 test suite.
[----------] Global test environment set-up.
[----------] 1 test from BuildPromptSpec
[ RUN      ] BuildPromptSpec.ValidPrompt
[       OK ] BuildPromptSpec.ValidPrompt (0 ms)
[----------] 1 test from BuildPromptSpec (0 ms total)

[----------] Global test environment tear-down
[==========] 1 test from 1 test suite ran. (0 ms total)
[  PASSED  ] 1 test.
<end of output>
Test time =   0.00 sec
----------------------------------------------------------
Test Passed.
"BuildPromptSpec.ValidPrompt" end time: Apr 07 22:45 AEST
"BuildPromptSpec.ValidPrompt" time elapsed: 00:00:00
----------------------------------------------------------

9/19 Testing: BuildPromptSpec.EmptyRejected
9/19 Test: BuildPromptSpec.EmptyRejected
Command: "/home/xertrov/src/call-coding-clis/cpp/build/tests/ccc_tests" "--gtest_filter=BuildPromptSpec.EmptyRejected" "--gtest_also_run_disabled_tests"
Directory: /home/xertrov/src/call-coding-clis/cpp/build/tests
"BuildPromptSpec.EmptyRejected" start time: Apr 07 22:45 AEST
Output:
----------------------------------------------------------
Running main() from /home/xertrov/src/call-coding-clis/cpp/build/_deps/googletest-src/googletest/src/gtest_main.cc
Note: Google Test filter = BuildPromptSpec.EmptyRejected
[==========] Running 1 test from 1 test suite.
[----------] Global test environment set-up.
[----------] 1 test from BuildPromptSpec
[ RUN      ] BuildPromptSpec.EmptyRejected
[       OK ] BuildPromptSpec.EmptyRejected (0 ms)
[----------] 1 test from BuildPromptSpec (0 ms total)

[----------] Global test environment tear-down
[==========] 1 test from 1 test suite ran. (0 ms total)
[  PASSED  ] 1 test.
<end of output>
Test time =   0.01 sec
----------------------------------------------------------
Test Passed.
"BuildPromptSpec.EmptyRejected" end time: Apr 07 22:45 AEST
"BuildPromptSpec.EmptyRejected" time elapsed: 00:00:00
----------------------------------------------------------

10/19 Testing: Run.ReturnsCompletedResult
10/19 Test: Run.ReturnsCompletedResult
Command: "/home/xertrov/src/call-coding-clis/cpp/build/tests/ccc_tests" "--gtest_filter=Run.ReturnsCompletedResult" "--gtest_also_run_disabled_tests"
Directory: /home/xertrov/src/call-coding-clis/cpp/build/tests
"Run.ReturnsCompletedResult" start time: Apr 07 22:45 AEST
Output:
----------------------------------------------------------
Running main() from /home/xertrov/src/call-coding-clis/cpp/build/_deps/googletest-src/googletest/src/gtest_main.cc
Note: Google Test filter = Run.ReturnsCompletedResult
[==========] Running 1 test from 1 test suite.
[----------] Global test environment set-up.
[----------] 1 test from Run
[ RUN      ] Run.ReturnsCompletedResult
[       OK ] Run.ReturnsCompletedResult (0 ms)
[----------] 1 test from Run (0 ms total)

[----------] Global test environment tear-down
[==========] 1 test from 1 test suite ran. (0 ms total)
[  PASSED  ] 1 test.
<end of output>
Test time =   0.00 sec
----------------------------------------------------------
Test Passed.
"Run.ReturnsCompletedResult" end time: Apr 07 22:45 AEST
"Run.ReturnsCompletedResult" time elapsed: 00:00:00
----------------------------------------------------------

11/19 Testing: Run.UsesStdinAndEnv
11/19 Test: Run.UsesStdinAndEnv
Command: "/home/xertrov/src/call-coding-clis/cpp/build/tests/ccc_tests" "--gtest_filter=Run.UsesStdinAndEnv" "--gtest_also_run_disabled_tests"
Directory: /home/xertrov/src/call-coding-clis/cpp/build/tests
"Run.UsesStdinAndEnv" start time: Apr 07 22:45 AEST
Output:
----------------------------------------------------------
Running main() from /home/xertrov/src/call-coding-clis/cpp/build/_deps/googletest-src/googletest/src/gtest_main.cc
Note: Google Test filter = Run.UsesStdinAndEnv
[==========] Running 1 test from 1 test suite.
[----------] Global test environment set-up.
[----------] 1 test from Run
[ RUN      ] Run.UsesStdinAndEnv
[       OK ] Run.UsesStdinAndEnv (0 ms)
[----------] 1 test from Run (0 ms total)

[----------] Global test environment tear-down
[==========] 1 test from 1 test suite ran. (0 ms total)
[  PASSED  ] 1 test.
<end of output>
Test time =   0.00 sec
----------------------------------------------------------
Test Passed.
"Run.UsesStdinAndEnv" end time: Apr 07 22:45 AEST
"Run.UsesStdinAndEnv" time elapsed: 00:00:00
----------------------------------------------------------

12/19 Testing: Run.ReportsMissingBinaryStartFailure
12/19 Test: Run.ReportsMissingBinaryStartFailure
Command: "/home/xertrov/src/call-coding-clis/cpp/build/tests/ccc_tests" "--gtest_filter=Run.ReportsMissingBinaryStartFailure" "--gtest_also_run_disabled_tests"
Directory: /home/xertrov/src/call-coding-clis/cpp/build/tests
"Run.ReportsMissingBinaryStartFailure" start time: Apr 07 22:45 AEST
Output:
----------------------------------------------------------
Running main() from /home/xertrov/src/call-coding-clis/cpp/build/_deps/googletest-src/googletest/src/gtest_main.cc
Note: Google Test filter = Run.ReportsMissingBinaryStartFailure
[==========] Running 1 test from 1 test suite.
[----------] Global test environment set-up.
[----------] 1 test from Run
[ RUN      ] Run.ReportsMissingBinaryStartFailure
[       OK ] Run.ReportsMissingBinaryStartFailure (1 ms)
[----------] 1 test from Run (1 ms total)

[----------] Global test environment tear-down
[==========] 1 test from 1 test suite ran. (1 ms total)
[  PASSED  ] 1 test.
<end of output>
Test time =   0.01 sec
----------------------------------------------------------
Test Passed.
"Run.ReportsMissingBinaryStartFailure" end time: Apr 07 22:45 AEST
"Run.ReportsMissingBinaryStartFailure" time elapsed: 00:00:00
----------------------------------------------------------

13/19 Testing: Stream.EmitsStdoutAndStderrEvents
13/19 Test: Stream.EmitsStdoutAndStderrEvents
Command: "/home/xertrov/src/call-coding-clis/cpp/build/tests/ccc_tests" "--gtest_filter=Stream.EmitsStdoutAndStderrEvents" "--gtest_also_run_disabled_tests"
Directory: /home/xertrov/src/call-coding-clis/cpp/build/tests
"Stream.EmitsStdoutAndStderrEvents" start time: Apr 07 22:45 AEST
Output:
----------------------------------------------------------
Running main() from /home/xertrov/src/call-coding-clis/cpp/build/_deps/googletest-src/googletest/src/gtest_main.cc
Note: Google Test filter = Stream.EmitsStdoutAndStderrEvents
[==========] Running 1 test from 1 test suite.
[----------] Global test environment set-up.
[----------] 1 test from Stream
[ RUN      ] Stream.EmitsStdoutAndStderrEvents
[       OK ] Stream.EmitsStdoutAndStderrEvents (0 ms)
[----------] 1 test from Stream (0 ms total)

[----------] Global test environment tear-down
[==========] 1 test from 1 test suite ran. (0 ms total)
[  PASSED  ] 1 test.
<end of output>
Test time =   0.00 sec
----------------------------------------------------------
Test Passed.
"Stream.EmitsStdoutAndStderrEvents" end time: Apr 07 22:45 AEST
"Stream.EmitsStdoutAndStderrEvents" time elapsed: 00:00:00
----------------------------------------------------------

14/19 Testing: Stream.ReportsMissingBinaryStartFailure
14/19 Test: Stream.ReportsMissingBinaryStartFailure
Command: "/home/xertrov/src/call-coding-clis/cpp/build/tests/ccc_tests" "--gtest_filter=Stream.ReportsMissingBinaryStartFailure" "--gtest_also_run_disabled_tests"
Directory: /home/xertrov/src/call-coding-clis/cpp/build/tests
"Stream.ReportsMissingBinaryStartFailure" start time: Apr 07 22:45 AEST
Output:
----------------------------------------------------------
Running main() from /home/xertrov/src/call-coding-clis/cpp/build/_deps/googletest-src/googletest/src/gtest_main.cc
Note: Google Test filter = Stream.ReportsMissingBinaryStartFailure
[==========] Running 1 test from 1 test suite.
[----------] Global test environment set-up.
[----------] 1 test from Stream
[ RUN      ] Stream.ReportsMissingBinaryStartFailure
[       OK ] Stream.ReportsMissingBinaryStartFailure (0 ms)
[----------] 1 test from Stream (0 ms total)

[----------] Global test environment tear-down
[==========] 1 test from 1 test suite ran. (0 ms total)
[  PASSED  ] 1 test.
<end of output>
Test time =   0.00 sec
----------------------------------------------------------
Test Passed.
"Stream.ReportsMissingBinaryStartFailure" end time: Apr 07 22:45 AEST
"Stream.ReportsMissingBinaryStartFailure" time elapsed: 00:00:00
----------------------------------------------------------

15/19 Testing: CommandSpec.HoldsFields
15/19 Test: CommandSpec.HoldsFields
Command: "/home/xertrov/src/call-coding-clis/cpp/build/tests/ccc_tests" "--gtest_filter=CommandSpec.HoldsFields" "--gtest_also_run_disabled_tests"
Directory: /home/xertrov/src/call-coding-clis/cpp/build/tests
"CommandSpec.HoldsFields" start time: Apr 07 22:45 AEST
Output:
----------------------------------------------------------
Running main() from /home/xertrov/src/call-coding-clis/cpp/build/_deps/googletest-src/googletest/src/gtest_main.cc
Note: Google Test filter = CommandSpec.HoldsFields
[==========] Running 1 test from 1 test suite.
[----------] Global test environment set-up.
[----------] 1 test from CommandSpec
[ RUN      ] CommandSpec.HoldsFields
[       OK ] CommandSpec.HoldsFields (0 ms)
[----------] 1 test from CommandSpec (0 ms total)

[----------] Global test environment tear-down
[==========] 1 test from 1 test suite ran. (0 ms total)
[  PASSED  ] 1 test.
<end of output>
Test time =   0.00 sec
----------------------------------------------------------
Test Passed.
"CommandSpec.HoldsFields" end time: Apr 07 22:45 AEST
"CommandSpec.HoldsFields" time elapsed: 00:00:00
----------------------------------------------------------

16/19 Testing: CccContract.HappyPath
16/19 Test: CccContract.HappyPath
Command: "/home/xertrov/src/call-coding-clis/cpp/build/tests/ccc_tests" "--gtest_filter=CccContract.HappyPath" "--gtest_also_run_disabled_tests"
Directory: /home/xertrov/src/call-coding-clis/cpp/build/tests
"CccContract.HappyPath" start time: Apr 07 22:45 AEST
Output:
----------------------------------------------------------
Running main() from /home/xertrov/src/call-coding-clis/cpp/build/_deps/googletest-src/googletest/src/gtest_main.cc
Note: Google Test filter = CccContract.HappyPath
[==========] Running 1 test from 1 test suite.
[----------] Global test environment set-up.
[----------] 1 test from CccContract
[ RUN      ] CccContract.HappyPath
[       OK ] CccContract.HappyPath (4 ms)
[----------] 1 test from CccContract (4 ms total)

[----------] Global test environment tear-down
[==========] 1 test from 1 test suite ran. (4 ms total)
[  PASSED  ] 1 test.
<end of output>
Test time =   0.01 sec
----------------------------------------------------------
Test Passed.
"CccContract.HappyPath" end time: Apr 07 22:45 AEST
"CccContract.HappyPath" time elapsed: 00:00:00
----------------------------------------------------------

17/19 Testing: CccContract.EmptyPrompt
17/19 Test: CccContract.EmptyPrompt
Command: "/home/xertrov/src/call-coding-clis/cpp/build/tests/ccc_tests" "--gtest_filter=CccContract.EmptyPrompt" "--gtest_also_run_disabled_tests"
Directory: /home/xertrov/src/call-coding-clis/cpp/build/tests
"CccContract.EmptyPrompt" start time: Apr 07 22:45 AEST
Output:
----------------------------------------------------------
Running main() from /home/xertrov/src/call-coding-clis/cpp/build/_deps/googletest-src/googletest/src/gtest_main.cc
Note: Google Test filter = CccContract.EmptyPrompt
[==========] Running 1 test from 1 test suite.
[----------] Global test environment set-up.
[----------] 1 test from CccContract
[ RUN      ] CccContract.EmptyPrompt
[       OK ] CccContract.EmptyPrompt (2 ms)
[----------] 1 test from CccContract (2 ms total)

[----------] Global test environment tear-down
[==========] 1 test from 1 test suite ran. (2 ms total)
[  PASSED  ] 1 test.
<end of output>
Test time =   0.01 sec
----------------------------------------------------------
Test Passed.
"CccContract.EmptyPrompt" end time: Apr 07 22:45 AEST
"CccContract.EmptyPrompt" time elapsed: 00:00:00
----------------------------------------------------------

18/19 Testing: CccContract.MissingPrompt
18/19 Test: CccContract.MissingPrompt
Command: "/home/xertrov/src/call-coding-clis/cpp/build/tests/ccc_tests" "--gtest_filter=CccContract.MissingPrompt" "--gtest_also_run_disabled_tests"
Directory: /home/xertrov/src/call-coding-clis/cpp/build/tests
"CccContract.MissingPrompt" start time: Apr 07 22:45 AEST
Output:
----------------------------------------------------------
Running main() from /home/xertrov/src/call-coding-clis/cpp/build/_deps/googletest-src/googletest/src/gtest_main.cc
Note: Google Test filter = CccContract.MissingPrompt
[==========] Running 1 test from 1 test suite.
[----------] Global test environment set-up.
[----------] 1 test from CccContract
[ RUN      ] CccContract.MissingPrompt
[       OK ] CccContract.MissingPrompt (2 ms)
[----------] 1 test from CccContract (2 ms total)

[----------] Global test environment tear-down
[==========] 1 test from 1 test suite ran. (3 ms total)
[  PASSED  ] 1 test.
<end of output>
Test time =   0.01 sec
----------------------------------------------------------
Test Passed.
"CccContract.MissingPrompt" end time: Apr 07 22:45 AEST
"CccContract.MissingPrompt" time elapsed: 00:00:00
----------------------------------------------------------

19/19 Testing: CccContract.WhitespacePrompt
19/19 Test: CccContract.WhitespacePrompt
Command: "/home/xertrov/src/call-coding-clis/cpp/build/tests/ccc_tests" "--gtest_filter=CccContract.WhitespacePrompt" "--gtest_also_run_disabled_tests"
Directory: /home/xertrov/src/call-coding-clis/cpp/build/tests
"CccContract.WhitespacePrompt" start time: Apr 07 22:45 AEST
Output:
----------------------------------------------------------
Running main() from /home/xertrov/src/call-coding-clis/cpp/build/_deps/googletest-src/googletest/src/gtest_main.cc
Note: Google Test filter = CccContract.WhitespacePrompt
[==========] Running 1 test from 1 test suite.
[----------] Global test environment set-up.
[----------] 1 test from CccContract
[ RUN      ] CccContract.WhitespacePrompt
[       OK ] CccContract.WhitespacePrompt (3 ms)
[----------] 1 test from CccContract (3 ms total)

[----------] Global test environment tear-down
[==========] 1 test from 1 test suite ran. (3 ms total)
[  PASSED  ] 1 test.
<end of output>
Test time =   0.01 sec
----------------------------------------------------------
Test Passed.
"CccContract.WhitespacePrompt" end time: Apr 07 22:45 AEST
"CccContract.WhitespacePrompt" time elapsed: 00:00:00
----------------------------------------------------------

End testing: Apr 07 22:45 AEST
